<?xml version="1.0" encoding="UTF-8"?>
<!-- Generated by org.testng.reporters.JUnitReportReporter -->
<testsuite skipped="0" hostname="Khurram-PC" name="com.qa.testcases.AddCustomer" tests="3" failures="0" timestamp="11 Aug 2018 16:08:19 GMT" time="1.370" errors="0">
  <testcase name="addCustomerButtonValidation" time="0.306" classname="com.qa.testcases.AddCustomer"/>
  <testcase name="addingNewCustomer" time="0.246" classname="com.qa.testcases.AddCustomer"/>
  <testcase name="addingNewCustomer" time="0.818" classname="com.qa.testcases.AddCustomer"/>
</testsuite> <!-- com.qa.testcases.AddCustomer -->
