<?xml version="1.0" encoding="UTF-8"?>
<!-- Generated by org.testng.reporters.JUnitReportReporter -->
<testsuite skipped="0" hostname="Khurram-PC" name="com.qa.testcases.BankManagerTest" tests="1" failures="0" timestamp="11 Aug 2018 16:08:19 GMT" time="0.281" errors="0">
  <testcase name="bankManagerButtonClick" time="0.281" classname="com.qa.testcases.BankManagerTest"/>
</testsuite> <!-- com.qa.testcases.BankManagerTest -->
